17:32:13: Creating resource group General
17:32:13: Creating resource group Internal
17:32:13: Creating resource group Autodetect
17:32:13: SceneManagerFactory for type 'DefaultSceneManager' registered.
17:32:13: Registering ResourceManager for type Material
17:32:13: Registering ResourceManager for type Mesh
17:32:13: Registering ResourceManager for type Skeleton
17:32:13: MovableObjectFactory for type 'ParticleSystem' registered.
17:32:13: OverlayElementFactory for type Panel registered.
17:32:13: OverlayElementFactory for type BorderPanel registered.
17:32:13: OverlayElementFactory for type TextArea registered.
17:32:13: Registering ResourceManager for type Font
17:32:13: ArchiveFactory for archive type FileSystem registered.
17:32:13: ArchiveFactory for archive type Zip registered.
17:32:13: DDS codec registering
17:32:13: FreeImage version: 3.10.0
17:32:13: This program uses FreeImage, a free, open source image library supporting all common bitmap formats. See http://freeimage.sourceforge.net for details
17:32:13: Supported formats: bmp,ico,jpg,jif,jpeg,jpe,jng,koa,iff,lbm,mng,pbm,pbm,pcd,pcx,pgm,pgm,png,ppm,ppm,ras,tga,targa,tif,tiff,wap,wbmp,wbm,psd,cut,xbm,xpm,gif,hdr,g3,sgi,exr,j2k,j2c,jp2
17:32:13: Registering ResourceManager for type HighLevelGpuProgram
17:32:13: Registering ResourceManager for type Compositor
17:32:13: MovableObjectFactory for type 'Entity' registered.
17:32:13: MovableObjectFactory for type 'Light' registered.
17:32:13: MovableObjectFactory for type 'BillboardSet' registered.
17:32:13: MovableObjectFactory for type 'ManualObject' registered.
17:32:13: MovableObjectFactory for type 'BillboardChain' registered.
17:32:13: MovableObjectFactory for type 'RibbonTrail' registered.
17:32:13: OGRE EXCEPTION(6:FileNotFoundException): 'plugins.cfg' file not found! in ConfigFile::load at /home/balazsbela/Downloads/ogre_src_v1-7-1/OgreMain/src/OgreConfigFile.cpp (line 83)
17:32:13: plugins.cfg not found, automatic plugin loading disabled.
17:32:13: *-*-* OGRE Initialising
17:32:13: *-*-* Version 1.7.1 (Cthugha)
17:32:13: OGRE EXCEPTION(6:FileNotFoundException): 'resources.cfg' file not found! in ConfigFile::load at /home/balazsbela/Downloads/ogre_src_v1-7-1/OgreMain/src/OgreConfigFile.cpp (line 83)
